<?xml version="1.0" encoding="UTF-8"?>
<testng-results ignored="0" total="1" passed="1" failed="0" skipped="0">
  <reporter-output>
  </reporter-output>
  <suite started-at="2024-10-24T17:46:42 IST" name="Default suite" finished-at="2024-10-24T17:46:53 IST" duration-ms="10520">
    <groups>
    </groups>
    <test started-at="2024-10-24T17:46:42 IST" name="Default test" finished-at="2024-10-24T17:46:53 IST" duration-ms="10520">
      <class name="Selenium_Pratices.Extent_Report_ScreenShot">
        <test-method signature="testcase()[pri:0, instance:Selenium_Pratices.Extent_Report_ScreenShot@564fabc8]" started-at="2024-10-24T17:46:43 IST" name="testcase" finished-at="2024-10-24T17:46:53 IST" duration-ms="10408" status="PASS">
          <reporter-output>
          </reporter-output>
        </test-method> <!-- testcase -->
      </class> <!-- Selenium_Pratices.Extent_Report_ScreenShot -->
    </test> <!-- Default test -->
  </suite> <!-- Default suite -->
</testng-results>
