<?xml version="1.0" encoding="UTF-8"?>
<testng-results ignored="0" total="1" passed="1" failed="0" skipped="0">
  <reporter-output>
    <line>
      <![CDATA[This Class is Githud Class]]>
    </line>
  </reporter-output>
  <suite started-at="2024-10-28T16:16:30 IST" name="Default suite" finished-at="2024-10-28T16:16:30 IST" duration-ms="109">
    <groups>
    </groups>
    <test started-at="2024-10-28T16:16:30 IST" name="Default test" finished-at="2024-10-28T16:16:30 IST" duration-ms="109">
      <class name="Selenium_Pratices.Github">
        <test-method signature="tesecase()[pri:0, instance:Selenium_Pratices.Github@478190fc]" started-at="2024-10-28T16:16:30 IST" name="tesecase" finished-at="2024-10-28T16:16:30 IST" duration-ms="17" status="PASS">
          <reporter-output>
            <line>
              <![CDATA[This Class is Githud Class]]>
            </line>
          </reporter-output>
        </test-method> <!-- tesecase -->
      </class> <!-- Selenium_Pratices.Github -->
    </test> <!-- Default test -->
  </suite> <!-- Default suite -->
</testng-results>
